Mon Oct 23 2017 16:39:36 GMT-0500 (Central Daylight Time): GET /
Mon Oct 23 2017 16:39:43 GMT-0500 (Central Daylight Time): GET /about
Mon Oct 23 2017 16:41:30 GMT-0500 (Central Daylight Time): GET /about
Mon Oct 23 2017 16:41:43 GMT-0500 (Central Daylight Time): GET /home
Mon Oct 23 2017 16:41:48 GMT-0500 (Central Daylight Time): GET /
Mon Oct 23 2017 16:41:52 GMT-0500 (Central Daylight Time): GET /about
Mon Oct 23 2017 16:46:32 GMT-0500 (Central Daylight Time): GET /maintance
Mon Oct 23 2017 16:47:24 GMT-0500 (Central Daylight Time): GET /maintance
Mon Oct 23 2017 16:48:51 GMT-0500 (Central Daylight Time): GET /maintance
Mon Oct 23 2017 16:48:51 GMT-0500 (Central Daylight Time): GET /maintance
Mon Oct 23 2017 16:49:03 GMT-0500 (Central Daylight Time): GET /
Mon Oct 23 2017 16:49:34 GMT-0500 (Central Daylight Time): GET /about
Mon Oct 23 2017 16:50:59 GMT-0500 (Central Daylight Time): GET /about
Mon Oct 23 2017 16:51:02 GMT-0500 (Central Daylight Time): GET /home
Mon Oct 23 2017 17:05:28 GMT-0500 (Central Daylight Time): GET /home
Mon Oct 23 2017 17:05:30 GMT-0500 (Central Daylight Time): GET /home
Mon Oct 23 2017 17:05:45 GMT-0500 (Central Daylight Time): GET /home
Mon Oct 23 2017 17:05:46 GMT-0500 (Central Daylight Time): GET /home
Mon Oct 23 2017 17:05:46 GMT-0500 (Central Daylight Time): GET /home
Mon Oct 23 2017 17:05:46 GMT-0500 (Central Daylight Time): GET /home
Mon Oct 23 2017 17:05:49 GMT-0500 (Central Daylight Time): GET /about
Mon Oct 23 2017 17:06:11 GMT-0500 (Central Daylight Time): GET /about
Tue Oct 24 2017 10:08:55 GMT-0500 (Central Daylight Time): GET /about
Tue Oct 24 2017 10:09:52 GMT-0500 (Central Daylight Time): GET /about
Tue Oct 24 2017 10:09:54 GMT-0500 (Central Daylight Time): GET /about
Tue Oct 24 2017 10:09:55 GMT-0500 (Central Daylight Time): GET /favicon.ico
Tue Oct 24 2017 10:10:04 GMT-0500 (Central Daylight Time): GET /about
Tue Oct 24 2017 10:10:04 GMT-0500 (Central Daylight Time): GET /favicon.ico
Tue Oct 24 2017 10:10:07 GMT-0500 (Central Daylight Time): GET /
Tue Oct 24 2017 10:10:12 GMT-0500 (Central Daylight Time): GET /about
Tue Oct 24 2017 10:15:32 GMT-0500 (Central Daylight Time): GET /help.html
Tue Oct 24 2017 10:15:58 GMT-0500 (Central Daylight Time): GET /help.html
Tue Oct 24 2017 10:15:59 GMT-0500 (Central Daylight Time): GET /help.html
Tue Oct 24 2017 10:15:59 GMT-0500 (Central Daylight Time): GET /help.html
Tue Oct 24 2017 10:15:59 GMT-0500 (Central Daylight Time): GET /help.html
Tue Oct 24 2017 10:15:59 GMT-0500 (Central Daylight Time): GET /help.html
Tue Oct 24 2017 10:16:00 GMT-0500 (Central Daylight Time): GET /help.html
Tue Oct 24 2017 10:16:16 GMT-0500 (Central Daylight Time): GET /help.html
Tue Oct 24 2017 10:16:16 GMT-0500 (Central Daylight Time): GET /help.html
Tue Oct 24 2017 10:16:16 GMT-0500 (Central Daylight Time): GET /help.html
Tue Oct 24 2017 10:16:24 GMT-0500 (Central Daylight Time): GET /help.html
Tue Oct 24 2017 10:16:25 GMT-0500 (Central Daylight Time): GET /help.html
Tue Oct 24 2017 10:16:27 GMT-0500 (Central Daylight Time): GET /help.html
Tue Oct 24 2017 10:16:27 GMT-0500 (Central Daylight Time): GET /favicon.ico
Tue Oct 24 2017 10:29:03 GMT-0500 (Central Daylight Time): GET /about
Tue Oct 24 2017 10:29:03 GMT-0500 (Central Daylight Time): GET /favicon.ico
Fri Dec 01 2017 00:02:10 GMT-0600 (CST): GET /
Fri Dec 01 2017 00:02:10 GMT-0600 (CST): GET /favicon.ico
Sun Dec 03 2017 21:05:57 GMT-0600 (CST): GET /
Sun Dec 03 2017 21:05:57 GMT-0600 (CST): GET /favicon.ico
Sun Dec 03 2017 21:08:49 GMT-0600 (CST): GET /
Sun Dec 03 2017 21:09:21 GMT-0600 (CST): GET /
Sun Dec 03 2017 21:09:52 GMT-0600 (CST): GET /
